# JRE version: Java(TM) SE Runtime Environment (8.0_65-b17) (build 1.8.0_65-b17)
# Java VM: Java HotSpot(TM) 64-Bit Server VM (25.65-b01 mixed mode windows-amd64 compressed oops)
Heap:
 PSYoungGen      total 92672K, used 92587K [0x00000000eab00000, 0x00000000f2980000, 0x0000000100000000)
  eden space 74240K, 100% used [0x00000000eab00000,0x00000000ef380000,0x00000000ef380000)
  from space 18432K, 99% used [0x00000000f1780000,0x00000000f296ae18,0x00000000f2980000)
  to   space 27136K, 12% used [0x00000000ef480000,0x00000000ef7b70e0,0x00000000f0f00000)
 ParOldGen       total 95744K, used 37784K [0x00000000c0000000, 0x00000000c5d80000, 0x00000000eab00000)
  object space 95744K, 39% used [0x00000000c0000000,0x00000000c24e60e0,0x00000000c5d80000)
 Metaspace       used 5856K, capacity 7024K, committed 7296K, reserved 1056768K
  class space    used 577K, capacity 616K, committed 640K, reserved 1048576K
GC Heap History (10 events):
Event: 8.236 GC heap after
Heap after GC invocations=6 (full 1):
 PSYoungGen      total 35328K, used 0K [0x00000000eab00000, 0x00000000f0f00000, 0x0000000100000000)
  eden space 32768K, 0% used [0x00000000eab00000,0x00000000eab00000,0x00000000ecb00000)
  from space 2560K, 0% used [0x00000000ecb00000,0x00000000ecb00000,0x00000000ecd80000)
  to   space 18432K, 0% used [0x00000000efd00000,0x00000000efd00000,0x00000000f0f00000)
 ParOldGen       total 44032K, used 26952K [0x00000000c0000000, 0x00000000c2b00000, 0x00000000eab00000)
  object space 44032K, 61% used [0x00000000c0000000,0x00000000c1a52238,0x00000000c2b00000)
 Metaspace       used 5731K, capacity 6960K, committed 7040K, reserved 1056768K
  class space    used 577K, capacity 616K, committed 640K, reserved 1048576K
}
Event: 8.492 GC heap before
{Heap before GC invocations=7 (full 1):
 PSYoungGen      total 35328K, used 32768K [0x00000000eab00000, 0x00000000f0f00000, 0x0000000100000000)
  eden space 32768K, 100% used [0x00000000eab00000,0x00000000ecb00000,0x00000000ecb00000)
  from space 2560K, 0% used [0x00000000ecb00000,0x00000000ecb00000,0x00000000ecd80000)
  to   space 18432K, 0% used [0x00000000efd00000,0x00000000efd00000,0x00000000f0f00000)
 ParOldGen       total 44032K, used 26952K [0x00000000c0000000, 0x00000000c2b00000, 0x00000000eab00000)
  object space 44032K, 61% used [0x00000000c0000000,0x00000000c1a52238,0x00000000c2b00000)
 Metaspace       used 5755K, capacity 6960K, committed 7040K, reserved 1056768K
  class space    used 577K, capacity 616K, committed 640K, reserved 1048576K
Event: 8.536 GC heap after
Heap after GC invocations=7 (full 1):
 PSYoungGen      total 64000K, used 10876K [0x00000000eab00000, 0x00000000f0800000, 0x0000000100000000)
  eden space 52736K, 0% used [0x00000000eab00000,0x00000000eab00000,0x00000000ede80000)
  from space 11264K, 96% used [0x00000000efd00000,0x00000000f079f348,0x00000000f0800000)
  to   space 17920K, 0% used [0x00000000ee500000,0x00000000ee500000,0x00000000ef680000)
 ParOldGen       total 44032K, used 26960K [0x00000000c0000000, 0x00000000c2b00000, 0x00000000eab00000)
  object space 44032K, 61% used [0x00000000c0000000,0x00000000c1a54238,0x00000000c2b00000)
 Metaspace       used 5755K, capacity 6960K, committed 7040K, reserved 1056768K
  class space    used 577K, capacity 616K, committed 640K, reserved 1048576K
}
Event: 9.021 GC heap before
{Heap before GC invocations=8 (full 1):
 PSYoungGen      total 64000K, used 63612K [0x00000000eab00000, 0x00000000f0800000, 0x0000000100000000)
  eden space 52736K, 100% used [0x00000000eab00000,0x00000000ede80000,0x00000000ede80000)
  from space 11264K, 96% used [0x00000000efd00000,0x00000000f079f348,0x00000000f0800000)
  to   space 17920K, 0% used [0x00000000ee500000,0x00000000ee500000,0x00000000ef680000)
 ParOldGen       total 44032K, used 26960K [0x00000000c0000000, 0x00000000c2b00000, 0x00000000eab00000)
  object space 44032K, 61% used [0x00000000c0000000,0x00000000c1a54238,0x00000000c2b00000)
 Metaspace       used 5777K, capacity 6960K, committed 7040K, reserved 1056768K
  class space    used 577K, capacity 616K, committed 640K, reserved 1048576K
Event: 9.053 GC heap after
Heap after GC invocations=8 (full 1):
 PSYoungGen      total 77312K, used 17903K [0x00000000eab00000, 0x00000000f3100000, 0x0000000100000000)
  eden space 59392K, 0% used [0x00000000eab00000,0x00000000eab00000,0x00000000ee500000)
  from space 17920K, 99% used [0x00000000ee500000,0x00000000ef67beb8,0x00000000ef680000)
  to   space 26112K, 0% used [0x00000000f1780000,0x00000000f1780000,0x00000000f3100000)
 ParOldGen       total 44032K, used 37006K [0x00000000c0000000, 0x00000000c2b00000, 0x00000000eab00000)
  object space 44032K, 84% used [0x00000000c0000000,0x00000000c2423b80,0x00000000c2b00000)
 Metaspace       used 5777K, capacity 6960K, committed 7040K, reserved 1056768K
  class space    used 577K, capacity 616K, committed 640K, reserved 1048576K
}
Event: 9.053 GC heap before
{Heap before GC invocations=9 (full 2):
 PSYoungGen      total 77312K, used 17903K [0x00000000eab00000, 0x00000000f3100000, 0x0000000100000000)
  eden space 59392K, 0% used [0x00000000eab00000,0x00000000eab00000,0x00000000ee500000)
  from space 17920K, 99% used [0x00000000ee500000,0x00000000ef67beb8,0x00000000ef680000)
  to   space 26112K, 0% used [0x00000000f1780000,0x00000000f1780000,0x00000000f3100000)
 ParOldGen       total 44032K, used 37006K [0x00000000c0000000, 0x00000000c2b00000, 0x00000000eab00000)
  object space 44032K, 84% used [0x00000000c0000000,0x00000000c2423b80,0x00000000c2b00000)
 Metaspace       used 5777K, capacity 6960K, committed 7040K, reserved 1056768K
  class space    used 577K, capacity 616K, committed 640K, reserved 1048576K
Event: 9.381 GC heap after
Heap after GC invocations=9 (full 2):
 PSYoungGen      total 77312K, used 0K [0x00000000eab00000, 0x00000000f3100000, 0x0000000100000000)
  eden space 59392K, 0% used [0x00000000eab00000,0x00000000eab00000,0x00000000ee500000)
  from space 17920K, 0% used [0x00000000ee500000,0x00000000ee500000,0x00000000ef680000)
  to   space 26112K, 0% used [0x00000000f1780000,0x00000000f1780000,0x00000000f3100000)
 ParOldGen       total 95744K, used 37776K [0x00000000c0000000, 0x00000000c5d80000, 0x00000000eab00000)
  object space 95744K, 39% used [0x00000000c0000000,0x00000000c24e40e0,0x00000000c5d80000)
 Metaspace       used 5777K, capacity 6960K, committed 7040K, reserved 1056768K
  class space    used 577K, capacity 616K, committed 640K, reserved 1048576K
}
Event: 9.963 GC heap before
{Heap before GC invocations=10 (full 2):
 PSYoungGen      total 77312K, used 59392K [0x00000000eab00000, 0x00000000f3100000, 0x0000000100000000)
  eden space 59392K, 100% used [0x00000000eab00000,0x00000000ee500000,0x00000000ee500000)
  from space 17920K, 0% used [0x00000000ee500000,0x00000000ee500000,0x00000000ef680000)
  to   space 26112K, 0% used [0x00000000f1780000,0x00000000f1780000,0x00000000f3100000)
 ParOldGen       total 95744K, used 37776K [0x00000000c0000000, 0x00000000c5d80000, 0x00000000eab00000)
  object space 95744K, 39% used [0x00000000c0000000,0x00000000c24e40e0,0x00000000c5d80000)
 Metaspace       used 5848K, capacity 7024K, committed 7296K, reserved 1056768K
  class space    used 577K, capacity 616K, committed 640K, reserved 1048576K
Event: 9.997 GC heap after
Heap after GC invocations=10 (full 2):
 PSYoungGen      total 92672K, used 18347K [0x00000000eab00000, 0x00000000f2980000, 0x0000000100000000)
  eden space 74240K, 0% used [0x00000000eab00000,0x00000000eab00000,0x00000000ef380000)
  from space 18432K, 99% used [0x00000000f1780000,0x00000000f296ae18,0x00000000f2980000)
  to   space 27136K, 0% used [0x00000000ef480000,0x00000000ef480000,0x00000000f0f00000)
 ParOldGen       total 95744K, used 37784K [0x00000000c0000000, 0x00000000c5d80000, 0x00000000eab00000)
  object space 95744K, 39% used [0x00000000c0000000,0x00000000c24e60e0,0x00000000c5d80000)
 Metaspace       used 5848K, capacity 7024K, committed 7296K, reserved 1056768K
  class space    used 577K, capacity 616K, committed 640K, reserved 1048576K
}
Event: 10.375 GC heap before
{Heap before GC invocations=11 (full 2):
 PSYoungGen      total 92672K, used 92587K [0x00000000eab00000, 0x00000000f2980000, 0x0000000100000000)
  eden space 74240K, 100% used [0x00000000eab00000,0x00000000ef380000,0x00000000ef380000)
  from space 18432K, 99% used [0x00000000f1780000,0x00000000f296ae18,0x00000000f2980000)
  to   space 27136K, 0% used [0x00000000ef480000,0x00000000ef480000,0x00000000f0f00000)
 ParOldGen       total 95744K, used 37784K [0x00000000c0000000, 0x00000000c5d80000, 0x00000000eab00000)
  object space 95744K, 39% used [0x00000000c0000000,0x00000000c24e60e0,0x00000000c5d80000)
 Metaspace       used 5856K, capacity 7024K, committed 7296K, reserved 1056768K
  class space    used 577K, capacity 616K, committed 640K, reserved 1048576K

