# JRE version: Java(TM) SE Runtime Environment (8.0_65-b17) (build 1.8.0_65-b17)
# Java VM: Java HotSpot(TM) 64-Bit Server VM (25.65-b01 mixed mode windows-amd64 compressed oops)
Heap:
 PSYoungGen      total 160256K, used 83043K [0x00000000eab00000, 0x00000000f9800000, 0x0000000100000000)
  eden space 108032K, 28% used [0x00000000eab00000,0x00000000ec91fdb8,0x00000000f1480000)
  from space 52224K, 99% used [0x00000000f5080000,0x00000000f83790c8,0x00000000f8380000)
  to   space 61440K, 0% used [0x00000000f1480000,0x00000000f1480000,0x00000000f5080000)
 ParOldGen       total 117760K, used 65118K [0x00000000c0000000, 0x00000000c7300000, 0x00000000eab00000)
  object space 117760K, 55% used [0x00000000c0000000,0x00000000c3f97b08,0x00000000c7300000)
 Metaspace       used 5940K, capacity 7152K, committed 7296K, reserved 1056768K
  class space    used 579K, capacity 616K, committed 640K, reserved 1048576K
GC Heap History (10 events):
Event: 10.563 GC heap before
{Heap before GC invocations=10 (full 1):
 PSYoungGen      total 96768K, used 96738K [0x00000000eab00000, 0x00000000f4200000, 0x0000000100000000)
  eden space 69632K, 100% used [0x00000000eab00000,0x00000000eef00000,0x00000000eef00000)
  from space 27136K, 99% used [0x00000000f1200000,0x00000000f2c789b8,0x00000000f2c80000)
  to   space 35840K, 0% used [0x00000000eef00000,0x00000000eef00000,0x00000000f1200000)
 ParOldGen       total 71680K, used 47984K [0x00000000c0000000, 0x00000000c4600000, 0x00000000eab00000)
  object space 71680K, 66% used [0x00000000c0000000,0x00000000c2edc018,0x00000000c4600000)
 Metaspace       used 5836K, capacity 7024K, committed 7296K, reserved 1056768K
  class space    used 577K, capacity 616K, committed 640K, reserved 1048576K
Event: 10.638 GC heap after
Heap after GC invocations=10 (full 1):
 PSYoungGen      total 105472K, used 35838K [0x00000000eab00000, 0x00000000f6d00000, 0x0000000100000000)
  eden space 69632K, 0% used [0x00000000eab00000,0x00000000eab00000,0x00000000eef00000)
  from space 35840K, 99% used [0x00000000eef00000,0x00000000f11ffae8,0x00000000f1200000)
  to   space 49664K, 0% used [0x00000000f3c80000,0x00000000f3c80000,0x00000000f6d00000)
 ParOldGen       total 71680K, used 67998K [0x00000000c0000000, 0x00000000c4600000, 0x00000000eab00000)
  object space 71680K, 94% used [0x00000000c0000000,0x00000000c4267a30,0x00000000c4600000)
 Metaspace       used 5836K, capacity 7024K, committed 7296K, reserved 1056768K
  class space    used 577K, capacity 616K, committed 640K, reserved 1048576K
}
Event: 10.638 GC heap before
{Heap before GC invocations=11 (full 2):
 PSYoungGen      total 105472K, used 35838K [0x00000000eab00000, 0x00000000f6d00000, 0x0000000100000000)
  eden space 69632K, 0% used [0x00000000eab00000,0x00000000eab00000,0x00000000eef00000)
  from space 35840K, 99% used [0x00000000eef00000,0x00000000f11ffae8,0x00000000f1200000)
  to   space 49664K, 0% used [0x00000000f3c80000,0x00000000f3c80000,0x00000000f6d00000)
 ParOldGen       total 71680K, used 67998K [0x00000000c0000000, 0x00000000c4600000, 0x00000000eab00000)
  object space 71680K, 94% used [0x00000000c0000000,0x00000000c4267a30,0x00000000c4600000)
 Metaspace       used 5836K, capacity 7024K, committed 7296K, reserved 1056768K
  class space    used 577K, capacity 616K, committed 640K, reserved 1048576K
Event: 10.961 GC heap after
Heap after GC invocations=11 (full 2):
 PSYoungGen      total 105472K, used 0K [0x00000000eab00000, 0x00000000f6d00000, 0x0000000100000000)
  eden space 69632K, 0% used [0x00000000eab00000,0x00000000eab00000,0x00000000eef00000)
  from space 35840K, 0% used [0x00000000eef00000,0x00000000eef00000,0x00000000f1200000)
  to   space 49664K, 0% used [0x00000000f3c80000,0x00000000f3c80000,0x00000000f6d00000)
 ParOldGen       total 117760K, used 61151K [0x00000000c0000000, 0x00000000c7300000, 0x00000000eab00000)
  object space 117760K, 51% used [0x00000000c0000000,0x00000000c3bb7d10,0x00000000c7300000)
 Metaspace       used 5836K, capacity 7024K, committed 7296K, reserved 1056768K
  class space    used 577K, capacity 616K, committed 640K, reserved 1048576K
}
Event: 11.396 GC heap before
{Heap before GC invocations=12 (full 2):
 PSYoungGen      total 105472K, used 69632K [0x00000000eab00000, 0x00000000f6d00000, 0x0000000100000000)
  eden space 69632K, 100% used [0x00000000eab00000,0x00000000eef00000,0x00000000eef00000)
  from space 35840K, 0% used [0x00000000eef00000,0x00000000eef00000,0x00000000f1200000)
  to   space 49664K, 0% used [0x00000000f3c80000,0x00000000f3c80000,0x00000000f6d00000)
 ParOldGen       total 117760K, used 61151K [0x00000000c0000000, 0x00000000c7300000, 0x00000000eab00000)
  object space 117760K, 51% used [0x00000000c0000000,0x00000000c3bb7d10,0x00000000c7300000)
 Metaspace       used 5871K, capacity 7088K, committed 7296K, reserved 1056768K
  class space    used 577K, capacity 616K, committed 640K, reserved 1048576K
Event: 11.461 GC heap after
Heap after GC invocations=12 (full 2):
 PSYoungGen      total 130560K, used 25608K [0x00000000eab00000, 0x00000000f6300000, 0x0000000100000000)
  eden space 91136K, 0% used [0x00000000eab00000,0x00000000eab00000,0x00000000f0400000)
  from space 39424K, 64% used [0x00000000f3c80000,0x00000000f55823b8,0x00000000f6300000)
  to   space 48640K, 0% used [0x00000000f0400000,0x00000000f0400000,0x00000000f3380000)
 ParOldGen       total 117760K, used 61151K [0x00000000c0000000, 0x00000000c7300000, 0x00000000eab00000)
  object space 117760K, 51% used [0x00000000c0000000,0x00000000c3bb7d10,0x00000000c7300000)
 Metaspace       used 5871K, capacity 7088K, committed 7296K, reserved 1056768K
  class space    used 577K, capacity 616K, committed 640K, reserved 1048576K
}
Event: 12.070 GC heap before
{Heap before GC invocations=13 (full 2):
 PSYoungGen      total 130560K, used 116744K [0x00000000eab00000, 0x00000000f6300000, 0x0000000100000000)
  eden space 91136K, 100% used [0x00000000eab00000,0x00000000f0400000,0x00000000f0400000)
  from space 39424K, 64% used [0x00000000f3c80000,0x00000000f55823b8,0x00000000f6300000)
  to   space 48640K, 0% used [0x00000000f0400000,0x00000000f0400000,0x00000000f3380000)
 ParOldGen       total 117760K, used 61151K [0x00000000c0000000, 0x00000000c7300000, 0x00000000eab00000)
  object space 117760K, 51% used [0x00000000c0000000,0x00000000c3bb7d10,0x00000000c7300000)
 Metaspace       used 5899K, capacity 7088K, committed 7296K, reserved 1056768K
  class space    used 577K, capacity 616K, committed 640K, reserved 1048576K
Event: 12.103 GC heap after
Heap after GC invocations=13 (full 2):
 PSYoungGen      total 139776K, used 38808K [0x00000000eab00000, 0x00000000f8380000, 0x0000000100000000)
  eden space 91136K, 0% used [0x00000000eab00000,0x00000000eab00000,0x00000000f0400000)
  from space 48640K, 79% used [0x00000000f0400000,0x00000000f29e6078,0x00000000f3380000)
  to   space 52224K, 0% used [0x00000000f5080000,0x00000000f5080000,0x00000000f8380000)
 ParOldGen       total 117760K, used 61151K [0x00000000c0000000, 0x00000000c7300000, 0x00000000eab00000)
  object space 117760K, 51% used [0x00000000c0000000,0x00000000c3bb7d10,0x00000000c7300000)
 Metaspace       used 5899K, capacity 7088K, committed 7296K, reserved 1056768K
  class space    used 577K, capacity 616K, committed 640K, reserved 1048576K
}
Event: 12.624 GC heap before
{Heap before GC invocations=14 (full 2):
 PSYoungGen      total 139776K, used 129944K [0x00000000eab00000, 0x00000000f8380000, 0x0000000100000000)
  eden space 91136K, 100% used [0x00000000eab00000,0x00000000f0400000,0x00000000f0400000)
  from space 48640K, 79% used [0x00000000f0400000,0x00000000f29e6078,0x00000000f3380000)
  to   space 52224K, 0% used [0x00000000f5080000,0x00000000f5080000,0x00000000f8380000)
 ParOldGen       total 117760K, used 61151K [0x00000000c0000000, 0x00000000c7300000, 0x00000000eab00000)
  object space 117760K, 51% used [0x00000000c0000000,0x00000000c3bb7d10,0x00000000c7300000)
 Metaspace       used 5924K, capacity 7088K, committed 7296K, reserved 1056768K
  class space    used 579K, capacity 616K, committed 640K, reserved 1048576K
Event: 12.736 GC heap after
Heap after GC invocations=14 (full 2):
 PSYoungGen      total 160256K, used 52196K [0x00000000eab00000, 0x00000000f9800000, 0x0000000100000000)
  eden space 108032K, 0% used [0x00000000eab00000,0x00000000eab00000,0x00000000f1480000)
  from space 52224K, 99% used [0x00000000f5080000,0x00000000f83790c8,0x00000000f8380000)
  to   space 61440K, 0% used [0x00000000f1480000,0x00000000f1480000,0x00000000f5080000)
 ParOldGen       total 117760K, used 65118K [0x00000000c0000000, 0x00000000c7300000, 0x00000000eab00000)
  object space 117760K, 55% used [0x00000000c0000000,0x00000000c3f97b08,0x00000000c7300000)
 Metaspace       used 5924K, capacity 7088K, committed 7296K, reserved 1056768K
  class space    used 579K, capacity 616K, committed 640K, reserved 1048576K
}

