# JRE version: Java(TM) SE Runtime Environment (8.0_65-b17) (build 1.8.0_65-b17)
# Java VM: Java HotSpot(TM) 64-Bit Server VM (25.65-b01 mixed mode windows-amd64 compressed oops)
Heap:
 PSYoungGen      total 139776K, used 61303K [0x00000000eab00000, 0x00000000f6880000, 0x0000000100000000)
  eden space 99328K, 21% used [0x00000000eab00000,0x00000000ebf5ed08,0x00000000f0c00000)
  from space 40448K, 99% used [0x00000000f4100000,0x00000000f687efc8,0x00000000f6880000)
  to   space 29184K, 0% used [0x00000000f0c00000,0x00000000f0c00000,0x00000000f2880000)
 ParOldGen       total 102912K, used 64960K [0x00000000c0000000, 0x00000000c6480000, 0x00000000eab00000)
  object space 102912K, 63% used [0x00000000c0000000,0x00000000c3f70390,0x00000000c6480000)
 Metaspace       used 5912K, capacity 7088K, committed 7296K, reserved 1056768K
  class space    used 577K, capacity 616K, committed 640K, reserved 1048576K
GC Heap History (10 events):
Event: 6.859 GC heap before
{Heap before GC invocations=6 (full 1):
 PSYoungGen      total 68096K, used 65536K [0x00000000eab00000, 0x00000000ef000000, 0x0000000100000000)
  eden space 65536K, 100% used [0x00000000eab00000,0x00000000eeb00000,0x00000000eeb00000)
  from space 2560K, 0% used [0x00000000eed80000,0x00000000eed80000,0x00000000ef000000)
  to   space 2560K, 0% used [0x00000000eeb00000,0x00000000eeb00000,0x00000000eed80000)
 ParOldGen       total 68608K, used 26666K [0x00000000c0000000, 0x00000000c4300000, 0x00000000eab00000)
  object space 68608K, 38% used [0x00000000c0000000,0x00000000c1a0a848,0x00000000c4300000)
 Metaspace       used 5767K, capacity 6960K, committed 7040K, reserved 1056768K
  class space    used 577K, capacity 616K, committed 640K, reserved 1048576K
Event: 6.889 GC heap after
Heap after GC invocations=6 (full 1):
 PSYoungGen      total 68096K, used 2542K [0x00000000eab00000, 0x00000000f4e80000, 0x0000000100000000)
  eden space 65536K, 0% used [0x00000000eab00000,0x00000000eab00000,0x00000000eeb00000)
  from space 2560K, 99% used [0x00000000eeb00000,0x00000000eed7ba10,0x00000000eed80000)
  to   space 28672K, 0% used [0x00000000f3280000,0x00000000f3280000,0x00000000f4e80000)
 ParOldGen       total 68608K, used 47093K [0x00000000c0000000, 0x00000000c4300000, 0x00000000eab00000)
  object space 68608K, 68% used [0x00000000c0000000,0x00000000c2dfd560,0x00000000c4300000)
 Metaspace       used 5767K, capacity 6960K, committed 7040K, reserved 1056768K
  class space    used 577K, capacity 616K, committed 640K, reserved 1048576K
}
Event: 6.889 GC heap before
{Heap before GC invocations=7 (full 2):
 PSYoungGen      total 68096K, used 2542K [0x00000000eab00000, 0x00000000f4e80000, 0x0000000100000000)
  eden space 65536K, 0% used [0x00000000eab00000,0x00000000eab00000,0x00000000eeb00000)
  from space 2560K, 99% used [0x00000000eeb00000,0x00000000eed7ba10,0x00000000eed80000)
  to   space 28672K, 0% used [0x00000000f3280000,0x00000000f3280000,0x00000000f4e80000)
 ParOldGen       total 68608K, used 47093K [0x00000000c0000000, 0x00000000c4300000, 0x00000000eab00000)
  object space 68608K, 68% used [0x00000000c0000000,0x00000000c2dfd560,0x00000000c4300000)
 Metaspace       used 5767K, capacity 6960K, committed 7040K, reserved 1056768K
  class space    used 577K, capacity 616K, committed 640K, reserved 1048576K
Event: 7.156 GC heap after
Heap after GC invocations=7 (full 2):
 PSYoungGen      total 68096K, used 0K [0x00000000eab00000, 0x00000000f4e80000, 0x0000000100000000)
  eden space 65536K, 0% used [0x00000000eab00000,0x00000000eab00000,0x00000000eeb00000)
  from space 2560K, 0% used [0x00000000eeb00000,0x00000000eeb00000,0x00000000eed80000)
  to   space 28672K, 0% used [0x00000000f3280000,0x00000000f3280000,0x00000000f4e80000)
 ParOldGen       total 102912K, used 38865K [0x00000000c0000000, 0x00000000c6480000, 0x00000000eab00000)
  object space 102912K, 37% used [0x00000000c0000000,0x00000000c25f4738,0x00000000c6480000)
 Metaspace       used 5767K, capacity 6960K, committed 7040K, reserved 1056768K
  class space    used 577K, capacity 616K, committed 640K, reserved 1048576K
}
Event: 7.818 GC heap before
{Heap before GC invocations=8 (full 2):
 PSYoungGen      total 68096K, used 65536K [0x00000000eab00000, 0x00000000f4e80000, 0x0000000100000000)
  eden space 65536K, 100% used [0x00000000eab00000,0x00000000eeb00000,0x00000000eeb00000)
  from space 2560K, 0% used [0x00000000eeb00000,0x00000000eeb00000,0x00000000eed80000)
  to   space 28672K, 0% used [0x00000000f3280000,0x00000000f3280000,0x00000000f4e80000)
 ParOldGen       total 102912K, used 38865K [0x00000000c0000000, 0x00000000c6480000, 0x00000000eab00000)
  object space 102912K, 37% used [0x00000000c0000000,0x00000000c25f4738,0x00000000c6480000)
 Metaspace       used 5784K, capacity 6960K, committed 7040K, reserved 1056768K
  class space    used 577K, capacity 616K, committed 640K, reserved 1048576K
Event: 7.947 GC heap after
Heap after GC invocations=8 (full 2):
 PSYoungGen      total 102912K, used 18835K [0x00000000eab00000, 0x00000000f4500000, 0x0000000100000000)
  eden space 83968K, 0% used [0x00000000eab00000,0x00000000eab00000,0x00000000efd00000)
  from space 18944K, 99% used [0x00000000f3280000,0x00000000f44e4ce8,0x00000000f4500000)
  to   space 29184K, 0% used [0x00000000f0c00000,0x00000000f0c00000,0x00000000f2880000)
 ParOldGen       total 102912K, used 38865K [0x00000000c0000000, 0x00000000c6480000, 0x00000000eab00000)
  object space 102912K, 37% used [0x00000000c0000000,0x00000000c25f4738,0x00000000c6480000)
 Metaspace       used 5784K, capacity 6960K, committed 7040K, reserved 1056768K
  class space    used 577K, capacity 616K, committed 640K, reserved 1048576K
}
Event: 9.107 GC heap before
{Heap before GC invocations=9 (full 2):
 PSYoungGen      total 102912K, used 102803K [0x00000000eab00000, 0x00000000f4500000, 0x0000000100000000)
  eden space 83968K, 100% used [0x00000000eab00000,0x00000000efd00000,0x00000000efd00000)
  from space 18944K, 99% used [0x00000000f3280000,0x00000000f44e4ce8,0x00000000f4500000)
  to   space 29184K, 0% used [0x00000000f0c00000,0x00000000f0c00000,0x00000000f2880000)
 ParOldGen       total 102912K, used 38865K [0x00000000c0000000, 0x00000000c6480000, 0x00000000eab00000)
  object space 102912K, 37% used [0x00000000c0000000,0x00000000c25f4738,0x00000000c6480000)
 Metaspace       used 5850K, capacity 7024K, committed 7296K, reserved 1056768K
  class space    used 577K, capacity 616K, committed 640K, reserved 1048576K
Event: 9.392 GC heap after
Heap after GC invocations=9 (full 2):
 PSYoungGen      total 128512K, used 29152K [0x00000000eab00000, 0x00000000f6880000, 0x0000000100000000)
  eden space 99328K, 0% used [0x00000000eab00000,0x00000000eab00000,0x00000000f0c00000)
  from space 29184K, 99% used [0x00000000f0c00000,0x00000000f28782d0,0x00000000f2880000)
  to   space 40448K, 0% used [0x00000000f4100000,0x00000000f4100000,0x00000000f6880000)
 ParOldGen       total 102912K, used 50435K [0x00000000c0000000, 0x00000000c6480000, 0x00000000eab00000)
  object space 102912K, 49% used [0x00000000c0000000,0x00000000c3140e98,0x00000000c6480000)
 Metaspace       used 5850K, capacity 7024K, committed 7296K, reserved 1056768K
  class space    used 577K, capacity 616K, committed 640K, reserved 1048576K
}
Event: 11.388 GC heap before
{Heap before GC invocations=10 (full 2):
 PSYoungGen      total 128512K, used 128480K [0x00000000eab00000, 0x00000000f6880000, 0x0000000100000000)
  eden space 99328K, 100% used [0x00000000eab00000,0x00000000f0c00000,0x00000000f0c00000)
  from space 29184K, 99% used [0x00000000f0c00000,0x00000000f28782d0,0x00000000f2880000)
  to   space 40448K, 0% used [0x00000000f4100000,0x00000000f4100000,0x00000000f6880000)
 ParOldGen       total 102912K, used 50435K [0x00000000c0000000, 0x00000000c6480000, 0x00000000eab00000)
  object space 102912K, 49% used [0x00000000c0000000,0x00000000c3140e98,0x00000000c6480000)
 Metaspace       used 5866K, capacity 7088K, committed 7296K, reserved 1056768K
  class space    used 577K, capacity 616K, committed 640K, reserved 1048576K
Event: 11.669 GC heap after
Heap after GC invocations=10 (full 2):
 PSYoungGen      total 139776K, used 40443K [0x00000000eab00000, 0x00000000f6880000, 0x0000000100000000)
  eden space 99328K, 0% used [0x00000000eab00000,0x00000000eab00000,0x00000000f0c00000)
  from space 40448K, 99% used [0x00000000f4100000,0x00000000f687efc8,0x00000000f6880000)
  to   space 29184K, 0% used [0x00000000f0c00000,0x00000000f0c00000,0x00000000f2880000)
 ParOldGen       total 102912K, used 64960K [0x00000000c0000000, 0x00000000c6480000, 0x00000000eab00000)
  object space 102912K, 63% used [0x00000000c0000000,0x00000000c3f70390,0x00000000c6480000)
 Metaspace       used 5866K, capacity 7088K, committed 7296K, reserved 1056768K
  class space    used 577K, capacity 616K, committed 640K, reserved 1048576K
}

